This is pdfTeX, Version 3.1415926-1.40.11 (MiKTeX 2.9) (preloaded format=pdftex 2013.3.1)  4 MAR 2013 14:18
entering extended mode
**C:/Users/souan326/Documents/Thesis/Thesis_Bibliography.bib
(C:/Users/souan326/Documents/Thesis/Thesis_Bibliography.bib [1{C:/Users/souan32
6/AppData/Local/MiKTeX/2.9/pdftex/config/pdftex.map}]
Underfull \vbox (badness 2884) has occurred while \output is active
\vbox(643.20255+1.94444)x469.75499, glue set 3.06752
.\glue(\topskip) 3.05556
.\hbox(6.94444+1.94444)x469.75499, glue set - 0.38988
..\tenrm I
..\tenrm n
..\tenrm d
..\tenrm u
..\tenrm c
..etc.
.\glue(\baselineskip) 2.55556
.\hbox(7.5+1.94444)x469.75499, glue set - 0.30397
..\tenrm =
..\glue 3.33333 plus 1.66666 minus 1.11111
..\tenrm I
..\tenrm M
..\tenrm P
..etc.
.\glue(\baselineskip) 3.11111
.etc.

 [2])
*
! Emergency stop.
<*> ...26/Documents/Thesis/Thesis_Bibliography.bib
                                                  
End of file on the terminal!

!  ==> Fatal error occurred, no output PDF file produced!
